2023-05-22 13:05:214 INFO  LoginPage :24 - Enter Username[[ChromeDriver: chrome on WINDOWS (bdcce7fde983c49977eaad2da0726244)] -> name: username]
2023-05-22 13:05:341 INFO  LoginPage :36 - Enter Password[[ChromeDriver: chrome on WINDOWS (bdcce7fde983c49977eaad2da0726244)] -> name: password]
2023-05-22 13:05:485 INFO  LoginPage :45 - Click on Login Button[[ChromeDriver: chrome on WINDOWS (bdcce7fde983c49977eaad2da0726244)] -> xpath: //button[normalize-space()='Login']]
2023-05-22 13:05:617 INFO  DashboardPage :21 - Verify Dashboard Text[[ChromeDriver: chrome on WINDOWS (bdcce7fde983c49977eaad2da0726244)] -> xpath: //a[@class='oxd-main-menu-item active']]
2023-05-22 13:05:387 INFO  LoginPage :24 - Enter Username[[ChromeDriver: chrome on WINDOWS (654d32a447065b3208b0e144bd4f9470)] -> name: username]
2023-05-22 13:05:470 INFO  LoginPage :36 - Enter Password[[ChromeDriver: chrome on WINDOWS (654d32a447065b3208b0e144bd4f9470)] -> name: password]
2023-05-22 13:05:568 INFO  LoginPage :55 - Verify logo HRForAll[[ChromeDriver: chrome on WINDOWS (654d32a447065b3208b0e144bd4f9470)] -> xpath: //div[@class='orangehrm-login-logo']//img[@alt='orangehrm-logo']]
2023-05-22 13:05:610 INFO  LoginPage :45 - Click on Login Button[[ChromeDriver: chrome on WINDOWS (654d32a447065b3208b0e144bd4f9470)] -> xpath: //button[normalize-space()='Login']]
2023-05-22 13:05:64 INFO  LoginPage :24 - Enter Username[[ChromeDriver: chrome on WINDOWS (f1d0a7df75c9ffefa9e617c19c6dddaa)] -> name: username]
2023-05-22 13:05:138 INFO  LoginPage :36 - Enter Password[[ChromeDriver: chrome on WINDOWS (f1d0a7df75c9ffefa9e617c19c6dddaa)] -> name: password]
2023-05-22 13:05:243 INFO  LoginPage :45 - Click on Login Button[[ChromeDriver: chrome on WINDOWS (f1d0a7df75c9ffefa9e617c19c6dddaa)] -> xpath: //button[normalize-space()='Login']]
2023-05-22 13:05:738 INFO  DashboardPage :33 - Click on User Profile Logo[[ChromeDriver: chrome on WINDOWS (f1d0a7df75c9ffefa9e617c19c6dddaa)] -> xpath: //i[@class='oxd-icon bi-caret-down-fill oxd-userdropdown-icon']]
2023-05-22 13:05:130 INFO  DashboardPage :44 - Mouse Hoover And Click On Logout[[ChromeDriver: chrome on WINDOWS (f1d0a7df75c9ffefa9e617c19c6dddaa)] -> link text: Logout]
2023-05-22 13:05:224 INFO  LoginPage :68 - Verify Login Panel Displayed[[ChromeDriver: chrome on WINDOWS (f1d0a7df75c9ffefa9e617c19c6dddaa)] -> xpath: //h5[normalize-space()='Login']]
2023-05-22 13:05:824 INFO  LoginPage :24 - Enter Username[[ChromeDriver: chrome on WINDOWS (1844e93a0f5294c79e7fb04b0e92ece5)] -> name: username]
2023-05-22 13:05:897 INFO  LoginPage :36 - Enter Password[[ChromeDriver: chrome on WINDOWS (1844e93a0f5294c79e7fb04b0e92ece5)] -> name: password]
2023-05-22 13:05:987 INFO  LoginPage :45 - Click on Login Button[[ChromeDriver: chrome on WINDOWS (1844e93a0f5294c79e7fb04b0e92ece5)] -> xpath: //button[normalize-space()='Login']]
2023-05-22 13:05:828 INFO  ViewSystemUserPage :24 - Click on Admin[[ChromeDriver: chrome on WINDOWS (1844e93a0f5294c79e7fb04b0e92ece5)] -> xpath: //a[@href='/web/index.php/admin/viewAdminModule']]
2023-05-22 13:05:486 INFO  ViewSystemUserPage :34 - Verify System User Text[[ChromeDriver: chrome on WINDOWS (1844e93a0f5294c79e7fb04b0e92ece5)] -> xpath: //h5[@class='oxd-text oxd-text--h5 oxd-table-filter-title']]
2023-05-22 13:05:529 INFO  ViewSystemUserPage :44 - Click on Add Button[[ChromeDriver: chrome on WINDOWS (1844e93a0f5294c79e7fb04b0e92ece5)] -> xpath: //button[@class='oxd-button oxd-button--medium oxd-button--secondary']]
2023-05-22 13:05:146 INFO  ViewSystemUserPage :53 - Verify Add User[[ChromeDriver: chrome on WINDOWS (1844e93a0f5294c79e7fb04b0e92ece5)] -> xpath: //h6[@class='oxd-text oxd-text--h6 orangehrm-main-title']]
2023-05-22 13:05:179 INFO  ViewSystemUserPage :66 - Select Admin [[ChromeDriver: chrome on WINDOWS (1844e93a0f5294c79e7fb04b0e92ece5)] -> xpath: //div[@class='oxd-form-row']/div[1]/div[1]/div[1]/div[2]/div[1]/div[1]/div[2]/i[1]]
2023-05-22 13:05:228 INFO  ViewSystemUserPage :69 - Click on Admin[[ChromeDriver: chrome on WINDOWS (1844e93a0f5294c79e7fb04b0e92ece5)] -> xpath: //*[@class='oxd-select-wrapper']//*[contains(text(),'Admin')]]
2023-05-22 13:05:298 INFO  ViewSystemUserPage :82 - Enter Employee name[[ChromeDriver: chrome on WINDOWS (1844e93a0f5294c79e7fb04b0e92ece5)] -> xpath: //input[@placeholder='Type for hints...']]
2023-05-22 13:05:406 INFO  ViewSystemUserPage :85 - Enter Employee name1Proxy element for: DefaultElementLocator 'By.xpath: //*[@class='oxd-autocomplete-wrapper']//*[contains(text(),'Goutam  Ganesh')]'
2023-05-22 13:05:390 INFO  LoginPage :24 - Enter Username[[ChromeDriver: chrome on WINDOWS (6b993c28c5683eb161662021babf2d9c)] -> name: username]
2023-05-22 13:05:467 INFO  LoginPage :36 - Enter Password[[ChromeDriver: chrome on WINDOWS (6b993c28c5683eb161662021babf2d9c)] -> name: password]
2023-05-22 13:05:569 INFO  LoginPage :45 - Click on Login Button[[ChromeDriver: chrome on WINDOWS (6b993c28c5683eb161662021babf2d9c)] -> xpath: //button[normalize-space()='Login']]
2023-05-22 13:05:307 INFO  ViewSystemUserPage :24 - Click on Admin[[ChromeDriver: chrome on WINDOWS (6b993c28c5683eb161662021babf2d9c)] -> xpath: //a[@href='/web/index.php/admin/viewAdminModule']]
2023-05-22 13:05:425 INFO  ViewSystemUserPage :34 - Verify System User Text[[ChromeDriver: chrome on WINDOWS (6b993c28c5683eb161662021babf2d9c)] -> xpath: //h5[@class='oxd-text oxd-text--h5 oxd-table-filter-title']]
2023-05-22 13:05:493 INFO  AddUserPage :20 - Enter Username[[ChromeDriver: chrome on WINDOWS (6b993c28c5683eb161662021babf2d9c)] -> xpath: //div[@class='oxd-form-row']/div[1]/div[1]/div[1]/div[2]/input[1]]
2023-05-22 13:05:597 INFO  AddUserPage :34 - Select User Role[[ChromeDriver: chrome on WINDOWS (6b993c28c5683eb161662021babf2d9c)] -> xpath: //div[@class='oxd-grid-4 orangehrm-full-width-grid']/div[2]/div/div[2]/div/div/div[2]/i]
2023-05-22 13:05:657 INFO  AddUserPage :37 - Select Admin[[ChromeDriver: chrome on WINDOWS (6b993c28c5683eb161662021babf2d9c)] -> xpath: //*[@class='oxd-select-wrapper']//*[contains(text(),'Admin')]]
2023-05-22 13:05:732 INFO  AddUserPage :50 - Select Status[[ChromeDriver: chrome on WINDOWS (6b993c28c5683eb161662021babf2d9c)] -> xpath: //div[@class='oxd-form-row']/div/div[4]/div/div[2]/div/div]
2023-05-22 13:05:807 INFO  AddUserPage :53 - Select Disable[[ChromeDriver: chrome on WINDOWS (6b993c28c5683eb161662021babf2d9c)] -> xpath: //*[@class='oxd-select-wrapper']//*[contains(text(),'Disabled')]]
2023-05-22 13:05:866 INFO  AddUserPage :74 - Click on Search[[ChromeDriver: chrome on WINDOWS (6b993c28c5683eb161662021babf2d9c)] -> xpath: //button[@class='oxd-button oxd-button--medium oxd-button--secondary orangehrm-left-space']]
2023-05-22 13:05:124 INFO  AddUserPage :83 - Verify the Result List[[ChromeDriver: chrome on WINDOWS (6b993c28c5683eb161662021babf2d9c)] -> xpath: //div[@class='orangehrm-paper-container']/div[2]/div[1]/span[1]]
2023-05-22 13:05:685 INFO  LoginPage :24 - Enter Username[[ChromeDriver: chrome on WINDOWS (01f4e72c5e6453f65bdcdf07a380d3cd)] -> name: username]
2023-05-22 13:05:759 INFO  LoginPage :36 - Enter Password[[ChromeDriver: chrome on WINDOWS (01f4e72c5e6453f65bdcdf07a380d3cd)] -> name: password]
2023-05-22 13:05:844 INFO  LoginPage :45 - Click on Login Button[[ChromeDriver: chrome on WINDOWS (01f4e72c5e6453f65bdcdf07a380d3cd)] -> xpath: //button[normalize-space()='Login']]
2023-05-22 13:05:967 INFO  ViewSystemUserPage :24 - Click on Admin[[ChromeDriver: chrome on WINDOWS (01f4e72c5e6453f65bdcdf07a380d3cd)] -> xpath: //a[@href='/web/index.php/admin/viewAdminModule']]
2023-05-22 13:05:288 INFO  ViewSystemUserPage :34 - Verify System User Text[[ChromeDriver: chrome on WINDOWS (01f4e72c5e6453f65bdcdf07a380d3cd)] -> xpath: //h5[@class='oxd-text oxd-text--h5 oxd-table-filter-title']]
2023-05-22 13:05:376 INFO  AddUserPage :20 - Enter Username[[ChromeDriver: chrome on WINDOWS (01f4e72c5e6453f65bdcdf07a380d3cd)] -> xpath: //div[@class='oxd-form-row']/div[1]/div[1]/div[1]/div[2]/input[1]]
2023-05-22 13:05:487 INFO  AddUserPage :34 - Select User Role[[ChromeDriver: chrome on WINDOWS (01f4e72c5e6453f65bdcdf07a380d3cd)] -> xpath: //div[@class='oxd-grid-4 orangehrm-full-width-grid']/div[2]/div/div[2]/div/div/div[2]/i]
2023-05-22 13:05:544 INFO  AddUserPage :37 - Select Admin[[ChromeDriver: chrome on WINDOWS (01f4e72c5e6453f65bdcdf07a380d3cd)] -> xpath: //*[@class='oxd-select-wrapper']//*[contains(text(),'Admin')]]
2023-05-22 13:05:596 INFO  ViewSystemUserPage :82 - Enter Employee name[[ChromeDriver: chrome on WINDOWS (01f4e72c5e6453f65bdcdf07a380d3cd)] -> xpath: //input[@placeholder='Type for hints...']]
2023-05-22 14:05:710 INFO  ViewSystemUserPage :85 - Enter Employee name1Proxy element for: DefaultElementLocator 'By.xpath: //*[@class='oxd-autocomplete-wrapper']//*[contains(text(),'Goutam  Ganesh')]'
2023-05-22 14:05:726 INFO  LoginPage :24 - Enter Username[[ChromeDriver: chrome on WINDOWS (e66d8fd1d4ad795f7e8a8c0aa97c0e18)] -> name: username]
2023-05-22 14:05:803 INFO  LoginPage :36 - Enter Password[[ChromeDriver: chrome on WINDOWS (e66d8fd1d4ad795f7e8a8c0aa97c0e18)] -> name: password]
2023-05-22 14:05:905 INFO  LoginPage :45 - Click on Login Button[[ChromeDriver: chrome on WINDOWS (e66d8fd1d4ad795f7e8a8c0aa97c0e18)] -> xpath: //button[normalize-space()='Login']]
2023-05-22 14:05:763 INFO  ViewSystemUserPage :24 - Click on Admin[[ChromeDriver: chrome on WINDOWS (e66d8fd1d4ad795f7e8a8c0aa97c0e18)] -> xpath: //a[@href='/web/index.php/admin/viewAdminModule']]
2023-05-22 14:05:552 INFO  ViewSystemUserPage :34 - Verify System User Text[[ChromeDriver: chrome on WINDOWS (e66d8fd1d4ad795f7e8a8c0aa97c0e18)] -> xpath: //h5[@class='oxd-text oxd-text--h5 oxd-table-filter-title']]
2023-05-22 14:05:600 INFO  AddUserPage :20 - Enter Username[[ChromeDriver: chrome on WINDOWS (e66d8fd1d4ad795f7e8a8c0aa97c0e18)] -> xpath: //div[@class='oxd-form-row']/div[1]/div[1]/div[1]/div[2]/input[1]]
2023-05-22 14:05:693 INFO  AddUserPage :34 - Select User Role[[ChromeDriver: chrome on WINDOWS (e66d8fd1d4ad795f7e8a8c0aa97c0e18)] -> xpath: //div[@class='oxd-grid-4 orangehrm-full-width-grid']/div[2]/div/div[2]/div/div/div[2]/i]
2023-05-22 14:05:763 INFO  AddUserPage :37 - Select Admin[[ChromeDriver: chrome on WINDOWS (e66d8fd1d4ad795f7e8a8c0aa97c0e18)] -> xpath: //*[@class='oxd-select-wrapper']//*[contains(text(),'Admin')]]
2023-05-22 14:05:815 INFO  ViewSystemUserPage :82 - Enter Employee name[[ChromeDriver: chrome on WINDOWS (e66d8fd1d4ad795f7e8a8c0aa97c0e18)] -> xpath: //input[@placeholder='Type for hints...']]
2023-05-22 14:05:884 INFO  ViewSystemUserPage :85 - Enter Employee name1[[ChromeDriver: chrome on WINDOWS (e66d8fd1d4ad795f7e8a8c0aa97c0e18)] -> xpath: //*[@class='oxd-autocomplete-wrapper']//*[contains(text(),'Goutam  Ganesh')]]
2023-05-22 14:05:943 INFO  AddUserPage :50 - Select Status[[ChromeDriver: chrome on WINDOWS (e66d8fd1d4ad795f7e8a8c0aa97c0e18)] -> xpath: //div[@class='oxd-form-row']/div/div[4]/div/div[2]/div/div]
2023-05-22 14:05:992 INFO  AddUserPage :53 - Select Disable[[ChromeDriver: chrome on WINDOWS (e66d8fd1d4ad795f7e8a8c0aa97c0e18)] -> xpath: //*[@class='oxd-select-wrapper']//*[contains(text(),'Disabled')]]
2023-05-22 14:05:50 INFO  AddUserPage :74 - Click on Search[[ChromeDriver: chrome on WINDOWS (e66d8fd1d4ad795f7e8a8c0aa97c0e18)] -> xpath: //button[@class='oxd-button oxd-button--medium oxd-button--secondary orangehrm-left-space']]
2023-05-22 14:05:317 INFO  AddUserPage :145 - Verify The Text No Records Found[[ChromeDriver: chrome on WINDOWS (e66d8fd1d4ad795f7e8a8c0aa97c0e18)] -> xpath: //div[@class='orangehrm-horizontal-padding orangehrm-vertical-padding']]
2023-05-22 17:05:735 INFO  LoginPage :24 - Enter Username[[ChromeDriver: chrome on WINDOWS (64b77f4bad624c5b7164602b71bbaa6e)] -> name: username]
2023-05-22 17:05:841 INFO  LoginPage :36 - Enter Password[[ChromeDriver: chrome on WINDOWS (64b77f4bad624c5b7164602b71bbaa6e)] -> name: password]
2023-05-22 17:05:939 INFO  LoginPage :45 - Click on Login Button[[ChromeDriver: chrome on WINDOWS (64b77f4bad624c5b7164602b71bbaa6e)] -> xpath: //button[normalize-space()='Login']]
2023-05-22 17:05:490 INFO  DashboardPage :21 - Verify Dashboard Text[[ChromeDriver: chrome on WINDOWS (64b77f4bad624c5b7164602b71bbaa6e)] -> xpath: //a[@class='oxd-main-menu-item active']]
2023-05-22 17:05:919 INFO  LoginPage :24 - Enter Username[[ChromeDriver: chrome on WINDOWS (ba26c822441edaceea531e99f94cd9ab)] -> name: username]
2023-05-22 17:05:997 INFO  LoginPage :36 - Enter Password[[ChromeDriver: chrome on WINDOWS (ba26c822441edaceea531e99f94cd9ab)] -> name: password]
2023-05-22 17:05:89 INFO  LoginPage :55 - Verify logo HRForAll[[ChromeDriver: chrome on WINDOWS (ba26c822441edaceea531e99f94cd9ab)] -> xpath: //div[@class='orangehrm-login-logo']//img[@alt='orangehrm-logo']]
2023-05-22 17:05:128 INFO  LoginPage :45 - Click on Login Button[[ChromeDriver: chrome on WINDOWS (ba26c822441edaceea531e99f94cd9ab)] -> xpath: //button[normalize-space()='Login']]
2023-05-22 17:05:750 INFO  LoginPage :24 - Enter Username[[ChromeDriver: chrome on WINDOWS (9b1a5af487a7c8616ac27011b2c9ac2f)] -> name: username]
2023-05-22 17:05:843 INFO  LoginPage :36 - Enter Password[[ChromeDriver: chrome on WINDOWS (9b1a5af487a7c8616ac27011b2c9ac2f)] -> name: password]
2023-05-22 17:05:958 INFO  LoginPage :45 - Click on Login Button[[ChromeDriver: chrome on WINDOWS (9b1a5af487a7c8616ac27011b2c9ac2f)] -> xpath: //button[normalize-space()='Login']]
2023-05-22 17:05:397 INFO  DashboardPage :33 - Click on User Profile Logo[[ChromeDriver: chrome on WINDOWS (9b1a5af487a7c8616ac27011b2c9ac2f)] -> xpath: //i[@class='oxd-icon bi-caret-down-fill oxd-userdropdown-icon']]
2023-05-22 17:05:752 INFO  DashboardPage :44 - Mouse Hoover And Click On Logout[[ChromeDriver: chrome on WINDOWS (9b1a5af487a7c8616ac27011b2c9ac2f)] -> link text: Logout]
2023-05-22 17:05:615 INFO  LoginPage :68 - Verify Login Panel Displayed[[ChromeDriver: chrome on WINDOWS (9b1a5af487a7c8616ac27011b2c9ac2f)] -> xpath: //h5[normalize-space()='Login']]
2023-05-22 17:05:287 INFO  LoginPage :24 - Enter Username[[ChromeDriver: chrome on WINDOWS (aa400ee084524e9fb4b11c77304d9be8)] -> name: username]
2023-05-22 17:05:364 INFO  LoginPage :36 - Enter Password[[ChromeDriver: chrome on WINDOWS (aa400ee084524e9fb4b11c77304d9be8)] -> name: password]
2023-05-22 17:05:462 INFO  LoginPage :45 - Click on Login Button[[ChromeDriver: chrome on WINDOWS (aa400ee084524e9fb4b11c77304d9be8)] -> xpath: //button[normalize-space()='Login']]
2023-05-22 17:05:836 INFO  ViewSystemUserPage :24 - Click on Admin[[ChromeDriver: chrome on WINDOWS (aa400ee084524e9fb4b11c77304d9be8)] -> xpath: //a[@href='/web/index.php/admin/viewAdminModule']]
2023-05-22 17:05:531 INFO  ViewSystemUserPage :34 - Verify System User Text[[ChromeDriver: chrome on WINDOWS (aa400ee084524e9fb4b11c77304d9be8)] -> xpath: //h5[@class='oxd-text oxd-text--h5 oxd-table-filter-title']]
2023-05-22 17:05:602 INFO  ViewSystemUserPage :44 - Click on Add Button[[ChromeDriver: chrome on WINDOWS (aa400ee084524e9fb4b11c77304d9be8)] -> xpath: //button[@class='oxd-button oxd-button--medium oxd-button--secondary']]
2023-05-22 17:05:197 INFO  ViewSystemUserPage :53 - Verify Add User[[ChromeDriver: chrome on WINDOWS (aa400ee084524e9fb4b11c77304d9be8)] -> xpath: //h6[@class='oxd-text oxd-text--h6 orangehrm-main-title']]
2023-05-22 17:05:271 INFO  ViewSystemUserPage :66 - Select Admin [[ChromeDriver: chrome on WINDOWS (aa400ee084524e9fb4b11c77304d9be8)] -> xpath: //div[@class='oxd-form-row']/div[1]/div[1]/div[1]/div[2]/div[1]/div[1]/div[2]/i[1]]
2023-05-22 17:05:333 INFO  ViewSystemUserPage :69 - Click on Admin[[ChromeDriver: chrome on WINDOWS (aa400ee084524e9fb4b11c77304d9be8)] -> xpath: //*[@class='oxd-select-wrapper']//*[contains(text(),'Admin')]]
2023-05-22 17:05:403 INFO  ViewSystemUserPage :82 - Enter Employee name[[ChromeDriver: chrome on WINDOWS (aa400ee084524e9fb4b11c77304d9be8)] -> xpath: //input[@placeholder='Type for hints...']]
2023-05-22 17:05:517 INFO  ViewSystemUserPage :85 - Enter Employee name1[[ChromeDriver: chrome on WINDOWS (aa400ee084524e9fb4b11c77304d9be8)] -> xpath: //*[@class='oxd-autocomplete-wrapper']//*[contains(text(),'Goutam  Ganesh')]]
2023-05-22 17:05:585 INFO  ViewSystemUserPage :95 - Enter Username[[ChromeDriver: chrome on WINDOWS (aa400ee084524e9fb4b11c77304d9be8)] -> xpath: //div[@class='oxd-form-row']/div[1]/div[4]/div[1]/div[2]/input[1]]
2023-05-22 17:05:679 INFO  ViewSystemUserPage :112 - Select Status[[ChromeDriver: chrome on WINDOWS (aa400ee084524e9fb4b11c77304d9be8)] -> xpath: //body/div[@id='app']/div[1]/div[2]/div[2]/div[1]/div[1]/form[1]/div[1]/div[1]/div[3]/div[1]/div[2]/div[1]/div[1]]
2023-05-22 17:05:752 INFO  ViewSystemUserPage :115 - Select Disable[[ChromeDriver: chrome on WINDOWS (aa400ee084524e9fb4b11c77304d9be8)] -> css selector: body > div:nth-child(3) > div:nth-child(1) > div:nth-child(2) > div:nth-child(2) > div:nth-child(1) > div:nth-child(1) > form:nth-child(3) > div:nth-child(1) > div:nth-child(1) > div:nth-child(3) > div:nth-child(1) > div:nth-child(2) > div:nth-child(1) > div:nth-child(1) > div:nth-child(1)]
2023-05-22 17:05:817 INFO  ViewSystemUserPage :126 - Enter password[[ChromeDriver: chrome on WINDOWS (aa400ee084524e9fb4b11c77304d9be8)] -> xpath: //div[@class='orangehrm-card-container']/form[1]/div[2]/div[1]/div[1]/div[1]/div[2]/input[1]]
2023-05-22 17:05:909 INFO  ViewSystemUserPage :138 - Enter confirm password[[ChromeDriver: chrome on WINDOWS (aa400ee084524e9fb4b11c77304d9be8)] -> xpath: //div[@class='orangehrm-card-container']/form[1]/div[2]/div[1]/div[2]/div[1]/div[2]/input[1]]
2023-05-22 17:05:16 INFO  ViewSystemUserPage :148 - Click on Save button[[ChromeDriver: chrome on WINDOWS (aa400ee084524e9fb4b11c77304d9be8)] -> xpath: //button[@class='oxd-button oxd-button--medium oxd-button--secondary orangehrm-left-space']]
2023-05-22 17:05:286 INFO  LoginPage :24 - Enter Username[[ChromeDriver: chrome on WINDOWS (ae347282d19bff4ef7ee8758dfff4938)] -> name: username]
2023-05-22 17:05:362 INFO  LoginPage :36 - Enter Password[[ChromeDriver: chrome on WINDOWS (ae347282d19bff4ef7ee8758dfff4938)] -> name: password]
2023-05-22 17:05:459 INFO  LoginPage :45 - Click on Login Button[[ChromeDriver: chrome on WINDOWS (ae347282d19bff4ef7ee8758dfff4938)] -> xpath: //button[normalize-space()='Login']]
2023-05-22 17:05:967 INFO  ViewSystemUserPage :24 - Click on Admin[[ChromeDriver: chrome on WINDOWS (ae347282d19bff4ef7ee8758dfff4938)] -> xpath: //a[@href='/web/index.php/admin/viewAdminModule']]
2023-05-22 17:05:106 INFO  ViewSystemUserPage :34 - Verify System User Text[[ChromeDriver: chrome on WINDOWS (ae347282d19bff4ef7ee8758dfff4938)] -> xpath: //h5[@class='oxd-text oxd-text--h5 oxd-table-filter-title']]
2023-05-22 17:05:159 INFO  AddUserPage :20 - Enter Username[[ChromeDriver: chrome on WINDOWS (ae347282d19bff4ef7ee8758dfff4938)] -> xpath: //div[@class='oxd-form-row']/div[1]/div[1]/div[1]/div[2]/input[1]]
2023-05-22 17:05:305 INFO  AddUserPage :34 - Select User Role[[ChromeDriver: chrome on WINDOWS (ae347282d19bff4ef7ee8758dfff4938)] -> xpath: //div[@class='oxd-grid-4 orangehrm-full-width-grid']/div[2]/div/div[2]/div/div/div[2]/i]
2023-05-22 17:05:457 INFO  AddUserPage :37 - Select Admin[[ChromeDriver: chrome on WINDOWS (ae347282d19bff4ef7ee8758dfff4938)] -> xpath: //*[@class='oxd-select-wrapper']//*[contains(text(),'Admin')]]
2023-05-22 17:05:548 INFO  AddUserPage :50 - Select Status[[ChromeDriver: chrome on WINDOWS (ae347282d19bff4ef7ee8758dfff4938)] -> xpath: //div[@class='oxd-form-row']/div/div[4]/div/div[2]/div/div]
2023-05-22 17:05:606 INFO  AddUserPage :53 - Select Disable[[ChromeDriver: chrome on WINDOWS (ae347282d19bff4ef7ee8758dfff4938)] -> xpath: //*[@class='oxd-select-wrapper']//*[contains(text(),'Disabled')]]
2023-05-22 17:05:694 INFO  AddUserPage :74 - Click on Search[[ChromeDriver: chrome on WINDOWS (ae347282d19bff4ef7ee8758dfff4938)] -> xpath: //button[@class='oxd-button oxd-button--medium oxd-button--secondary orangehrm-left-space']]
2023-05-22 17:05:985 INFO  AddUserPage :83 - Verify the Result List[[ChromeDriver: chrome on WINDOWS (ae347282d19bff4ef7ee8758dfff4938)] -> xpath: //div[@class='orangehrm-paper-container']/div[2]/div[1]/span[1]]
2023-05-22 17:05:453 INFO  LoginPage :24 - Enter Username[[ChromeDriver: chrome on WINDOWS (9da944bbb1bd658f7dbd00562e610182)] -> name: username]
2023-05-22 17:05:545 INFO  LoginPage :36 - Enter Password[[ChromeDriver: chrome on WINDOWS (9da944bbb1bd658f7dbd00562e610182)] -> name: password]
2023-05-22 17:05:669 INFO  LoginPage :45 - Click on Login Button[[ChromeDriver: chrome on WINDOWS (9da944bbb1bd658f7dbd00562e610182)] -> xpath: //button[normalize-space()='Login']]
2023-05-22 17:05:805 INFO  ViewSystemUserPage :24 - Click on Admin[[ChromeDriver: chrome on WINDOWS (9da944bbb1bd658f7dbd00562e610182)] -> xpath: //a[@href='/web/index.php/admin/viewAdminModule']]
2023-05-22 17:05:11 INFO  ViewSystemUserPage :34 - Verify System User Text[[ChromeDriver: chrome on WINDOWS (9da944bbb1bd658f7dbd00562e610182)] -> xpath: //h5[@class='oxd-text oxd-text--h5 oxd-table-filter-title']]
2023-05-22 17:05:55 INFO  AddUserPage :20 - Enter Username[[ChromeDriver: chrome on WINDOWS (9da944bbb1bd658f7dbd00562e610182)] -> xpath: //div[@class='oxd-form-row']/div[1]/div[1]/div[1]/div[2]/input[1]]
2023-05-22 17:05:163 INFO  AddUserPage :34 - Select User Role[[ChromeDriver: chrome on WINDOWS (9da944bbb1bd658f7dbd00562e610182)] -> xpath: //div[@class='oxd-grid-4 orangehrm-full-width-grid']/div[2]/div/div[2]/div/div/div[2]/i]
2023-05-22 17:05:233 INFO  AddUserPage :37 - Select Admin[[ChromeDriver: chrome on WINDOWS (9da944bbb1bd658f7dbd00562e610182)] -> xpath: //*[@class='oxd-select-wrapper']//*[contains(text(),'Admin')]]
2023-05-22 17:05:313 INFO  ViewSystemUserPage :82 - Enter Employee name[[ChromeDriver: chrome on WINDOWS (9da944bbb1bd658f7dbd00562e610182)] -> xpath: //input[@placeholder='Type for hints...']]
2023-05-22 17:05:382 INFO  ViewSystemUserPage :85 - Enter Employee name1[[ChromeDriver: chrome on WINDOWS (9da944bbb1bd658f7dbd00562e610182)] -> xpath: //*[@class='oxd-autocomplete-wrapper']//*[contains(text(),'Goutam  Ganesh')]]
2023-05-22 17:05:442 INFO  AddUserPage :50 - Select Status[[ChromeDriver: chrome on WINDOWS (9da944bbb1bd658f7dbd00562e610182)] -> xpath: //div[@class='oxd-form-row']/div/div[4]/div/div[2]/div/div]
2023-05-22 17:05:497 INFO  AddUserPage :53 - Select Disable[[ChromeDriver: chrome on WINDOWS (9da944bbb1bd658f7dbd00562e610182)] -> xpath: //*[@class='oxd-select-wrapper']//*[contains(text(),'Disabled')]]
2023-05-22 17:05:560 INFO  AddUserPage :74 - Click on Search[[ChromeDriver: chrome on WINDOWS (9da944bbb1bd658f7dbd00562e610182)] -> xpath: //button[@class='oxd-button oxd-button--medium oxd-button--secondary orangehrm-left-space']]
2023-05-22 17:05:821 INFO  AddUserPage :83 - Verify the Result List[[ChromeDriver: chrome on WINDOWS (9da944bbb1bd658f7dbd00562e610182)] -> xpath: //div[@class='orangehrm-paper-container']/div[2]/div[1]/span[1]]
2023-05-22 17:05:884 INFO  AddUserPage :92 - Click on CheckboxProxy element for: DefaultElementLocator 'By.xpath: //div[@class='oxd-table-card-cell-checkbox']//i[@class='oxd-icon bi-check oxd-checkbox-input-icon']'
2023-05-22 17:05:675 INFO  LoginPage :24 - Enter Username[[ChromeDriver: chrome on WINDOWS (4fcb96b0f390f9784fdde74d0a2a51cb)] -> name: username]
2023-05-22 17:05:769 INFO  LoginPage :36 - Enter Password[[ChromeDriver: chrome on WINDOWS (4fcb96b0f390f9784fdde74d0a2a51cb)] -> name: password]
2023-05-22 17:05:868 INFO  LoginPage :45 - Click on Login Button[[ChromeDriver: chrome on WINDOWS (4fcb96b0f390f9784fdde74d0a2a51cb)] -> xpath: //button[normalize-space()='Login']]
2023-05-22 17:05:913 INFO  ViewSystemUserPage :24 - Click on Admin[[ChromeDriver: chrome on WINDOWS (4fcb96b0f390f9784fdde74d0a2a51cb)] -> xpath: //a[@href='/web/index.php/admin/viewAdminModule']]
2023-05-22 17:05:586 INFO  ViewSystemUserPage :34 - Verify System User Text[[ChromeDriver: chrome on WINDOWS (4fcb96b0f390f9784fdde74d0a2a51cb)] -> xpath: //h5[@class='oxd-text oxd-text--h5 oxd-table-filter-title']]
2023-05-22 17:05:640 INFO  AddUserPage :20 - Enter Username[[ChromeDriver: chrome on WINDOWS (4fcb96b0f390f9784fdde74d0a2a51cb)] -> xpath: //div[@class='oxd-form-row']/div[1]/div[1]/div[1]/div[2]/input[1]]
2023-05-22 17:05:746 INFO  AddUserPage :34 - Select User Role[[ChromeDriver: chrome on WINDOWS (4fcb96b0f390f9784fdde74d0a2a51cb)] -> xpath: //div[@class='oxd-grid-4 orangehrm-full-width-grid']/div[2]/div/div[2]/div/div/div[2]/i]
2023-05-22 17:05:809 INFO  AddUserPage :37 - Select Admin[[ChromeDriver: chrome on WINDOWS (4fcb96b0f390f9784fdde74d0a2a51cb)] -> xpath: //*[@class='oxd-select-wrapper']//*[contains(text(),'Admin')]]
2023-05-22 17:05:867 INFO  ViewSystemUserPage :82 - Enter Employee name[[ChromeDriver: chrome on WINDOWS (4fcb96b0f390f9784fdde74d0a2a51cb)] -> xpath: //input[@placeholder='Type for hints...']]
2023-05-22 17:05:939 INFO  ViewSystemUserPage :85 - Enter Employee name1[[ChromeDriver: chrome on WINDOWS (4fcb96b0f390f9784fdde74d0a2a51cb)] -> xpath: //*[@class='oxd-autocomplete-wrapper']//*[contains(text(),'Goutam  Ganesh')]]
2023-05-22 17:05:10 INFO  AddUserPage :50 - Select Status[[ChromeDriver: chrome on WINDOWS (4fcb96b0f390f9784fdde74d0a2a51cb)] -> xpath: //div[@class='oxd-form-row']/div/div[4]/div/div[2]/div/div]
2023-05-22 17:05:91 INFO  AddUserPage :53 - Select Disable[[ChromeDriver: chrome on WINDOWS (4fcb96b0f390f9784fdde74d0a2a51cb)] -> xpath: //*[@class='oxd-select-wrapper']//*[contains(text(),'Disabled')]]
2023-05-22 17:05:163 INFO  AddUserPage :74 - Click on Search[[ChromeDriver: chrome on WINDOWS (4fcb96b0f390f9784fdde74d0a2a51cb)] -> xpath: //button[@class='oxd-button oxd-button--medium oxd-button--secondary orangehrm-left-space']]
2023-05-22 17:05:425 INFO  AddUserPage :145 - Verify The Text No Records Found[[ChromeDriver: chrome on WINDOWS (4fcb96b0f390f9784fdde74d0a2a51cb)] -> xpath: //div[@class='orangehrm-horizontal-padding orangehrm-vertical-padding']]
2023-05-22 17:05:303 INFO  LoginPage :24 - Enter Username[[ChromeDriver: chrome on WINDOWS (6e2c712f2cb4b3a72dc1ebdcc3197329)] -> name: username]
2023-05-22 17:05:390 INFO  LoginPage :36 - Enter Password[[ChromeDriver: chrome on WINDOWS (6e2c712f2cb4b3a72dc1ebdcc3197329)] -> name: password]
2023-05-22 17:05:482 INFO  LoginPage :45 - Click on Login Button[[ChromeDriver: chrome on WINDOWS (6e2c712f2cb4b3a72dc1ebdcc3197329)] -> xpath: //button[normalize-space()='Login']]
2023-05-22 17:05:78 INFO  DashboardPage :21 - Verify Dashboard Text[[ChromeDriver: chrome on WINDOWS (6e2c712f2cb4b3a72dc1ebdcc3197329)] -> xpath: //a[@class='oxd-main-menu-item active']]
2023-05-22 17:05:83 INFO  LoginPage :24 - Enter Username[[ChromeDriver: chrome on WINDOWS (b2665a6749c4eb5bee8a3cca040ceb45)] -> name: username]
2023-05-22 17:05:164 INFO  LoginPage :36 - Enter Password[[ChromeDriver: chrome on WINDOWS (b2665a6749c4eb5bee8a3cca040ceb45)] -> name: password]
2023-05-22 17:05:250 INFO  LoginPage :55 - Verify logo HRForAll[[ChromeDriver: chrome on WINDOWS (b2665a6749c4eb5bee8a3cca040ceb45)] -> xpath: //div[@class='orangehrm-login-logo']//img[@alt='orangehrm-logo']]
2023-05-22 17:05:295 INFO  LoginPage :45 - Click on Login Button[[ChromeDriver: chrome on WINDOWS (b2665a6749c4eb5bee8a3cca040ceb45)] -> xpath: //button[normalize-space()='Login']]
2023-05-22 17:05:948 INFO  LoginPage :24 - Enter Username[[ChromeDriver: chrome on WINDOWS (a23def4f74b8fdfcd5bc0dee65f2f162)] -> name: username]
2023-05-22 17:05:24 INFO  LoginPage :36 - Enter Password[[ChromeDriver: chrome on WINDOWS (a23def4f74b8fdfcd5bc0dee65f2f162)] -> name: password]
2023-05-22 17:05:132 INFO  LoginPage :45 - Click on Login Button[[ChromeDriver: chrome on WINDOWS (a23def4f74b8fdfcd5bc0dee65f2f162)] -> xpath: //button[normalize-space()='Login']]
2023-05-22 17:05:544 INFO  DashboardPage :33 - Click on User Profile Logo[[ChromeDriver: chrome on WINDOWS (a23def4f74b8fdfcd5bc0dee65f2f162)] -> xpath: //i[@class='oxd-icon bi-caret-down-fill oxd-userdropdown-icon']]
2023-05-22 17:05:890 INFO  DashboardPage :44 - Mouse Hoover And Click On Logout[[ChromeDriver: chrome on WINDOWS (a23def4f74b8fdfcd5bc0dee65f2f162)] -> link text: Logout]
2023-05-22 17:05:820 INFO  LoginPage :68 - Verify Login Panel Displayed[[ChromeDriver: chrome on WINDOWS (a23def4f74b8fdfcd5bc0dee65f2f162)] -> xpath: //h5[normalize-space()='Login']]
2023-05-22 17:05:812 INFO  LoginPage :24 - Enter Username[[ChromeDriver: chrome on WINDOWS (1449fc703738f6a03a6d9c6404118444)] -> name: username]
2023-05-22 17:05:877 INFO  LoginPage :36 - Enter Password[[ChromeDriver: chrome on WINDOWS (1449fc703738f6a03a6d9c6404118444)] -> name: password]
2023-05-22 17:05:961 INFO  LoginPage :45 - Click on Login Button[[ChromeDriver: chrome on WINDOWS (1449fc703738f6a03a6d9c6404118444)] -> xpath: //button[normalize-space()='Login']]
2023-05-22 17:05:208 INFO  ViewSystemUserPage :24 - Click on Admin[[ChromeDriver: chrome on WINDOWS (1449fc703738f6a03a6d9c6404118444)] -> xpath: //a[@href='/web/index.php/admin/viewAdminModule']]
2023-05-22 17:05:699 INFO  ViewSystemUserPage :34 - Verify System User Text[[ChromeDriver: chrome on WINDOWS (1449fc703738f6a03a6d9c6404118444)] -> xpath: //h5[@class='oxd-text oxd-text--h5 oxd-table-filter-title']]
2023-05-22 17:05:740 INFO  ViewSystemUserPage :44 - Click on Add Button[[ChromeDriver: chrome on WINDOWS (1449fc703738f6a03a6d9c6404118444)] -> xpath: //button[@class='oxd-button oxd-button--medium oxd-button--secondary']]
2023-05-22 17:05:296 INFO  ViewSystemUserPage :53 - Verify Add User[[ChromeDriver: chrome on WINDOWS (1449fc703738f6a03a6d9c6404118444)] -> xpath: //h6[@class='oxd-text oxd-text--h6 orangehrm-main-title']]
2023-05-22 17:05:338 INFO  ViewSystemUserPage :66 - Select Admin [[ChromeDriver: chrome on WINDOWS (1449fc703738f6a03a6d9c6404118444)] -> xpath: //div[@class='oxd-form-row']/div[1]/div[1]/div[1]/div[2]/div[1]/div[1]/div[2]/i[1]]
2023-05-22 17:05:397 INFO  ViewSystemUserPage :69 - Click on Admin[[ChromeDriver: chrome on WINDOWS (1449fc703738f6a03a6d9c6404118444)] -> xpath: //*[@class='oxd-select-wrapper']//*[contains(text(),'Admin')]]
2023-05-22 17:05:480 INFO  ViewSystemUserPage :82 - Enter Employee name[[ChromeDriver: chrome on WINDOWS (1449fc703738f6a03a6d9c6404118444)] -> xpath: //input[@placeholder='Type for hints...']]
2023-05-22 17:05:546 INFO  ViewSystemUserPage :85 - Enter Employee name1[[ChromeDriver: chrome on WINDOWS (1449fc703738f6a03a6d9c6404118444)] -> xpath: //*[@class='oxd-autocomplete-wrapper']//*[contains(text(),'Goutam  Ganesh')]]
2023-05-22 17:05:598 INFO  ViewSystemUserPage :95 - Enter Username[[ChromeDriver: chrome on WINDOWS (1449fc703738f6a03a6d9c6404118444)] -> xpath: //div[@class='oxd-form-row']/div[1]/div[4]/div[1]/div[2]/input[1]]
2023-05-22 17:05:672 INFO  ViewSystemUserPage :112 - Select Status[[ChromeDriver: chrome on WINDOWS (1449fc703738f6a03a6d9c6404118444)] -> xpath: //body/div[@id='app']/div[1]/div[2]/div[2]/div[1]/div[1]/form[1]/div[1]/div[1]/div[3]/div[1]/div[2]/div[1]/div[1]]
2023-05-22 17:05:717 INFO  ViewSystemUserPage :115 - Select Disable[[ChromeDriver: chrome on WINDOWS (1449fc703738f6a03a6d9c6404118444)] -> css selector: body > div:nth-child(3) > div:nth-child(1) > div:nth-child(2) > div:nth-child(2) > div:nth-child(1) > div:nth-child(1) > form:nth-child(3) > div:nth-child(1) > div:nth-child(1) > div:nth-child(3) > div:nth-child(1) > div:nth-child(2) > div:nth-child(1) > div:nth-child(1) > div:nth-child(1)]
2023-05-22 17:05:780 INFO  ViewSystemUserPage :126 - Enter password[[ChromeDriver: chrome on WINDOWS (1449fc703738f6a03a6d9c6404118444)] -> xpath: //div[@class='orangehrm-card-container']/form[1]/div[2]/div[1]/div[1]/div[1]/div[2]/input[1]]
2023-05-22 17:05:852 INFO  ViewSystemUserPage :138 - Enter confirm password[[ChromeDriver: chrome on WINDOWS (1449fc703738f6a03a6d9c6404118444)] -> xpath: //div[@class='orangehrm-card-container']/form[1]/div[2]/div[1]/div[2]/div[1]/div[2]/input[1]]
2023-05-22 17:05:928 INFO  ViewSystemUserPage :148 - Click on Save button[[ChromeDriver: chrome on WINDOWS (1449fc703738f6a03a6d9c6404118444)] -> xpath: //button[@class='oxd-button oxd-button--medium oxd-button--secondary orangehrm-left-space']]
2023-05-22 17:05:905 INFO  LoginPage :24 - Enter Username[[ChromeDriver: chrome on WINDOWS (523e095b4b99aff3b622bae396d67fba)] -> name: username]
2023-05-22 17:05:987 INFO  LoginPage :36 - Enter Password[[ChromeDriver: chrome on WINDOWS (523e095b4b99aff3b622bae396d67fba)] -> name: password]
2023-05-22 17:05:89 INFO  LoginPage :45 - Click on Login Button[[ChromeDriver: chrome on WINDOWS (523e095b4b99aff3b622bae396d67fba)] -> xpath: //button[normalize-space()='Login']]
2023-05-22 17:05:509 INFO  ViewSystemUserPage :24 - Click on Admin[[ChromeDriver: chrome on WINDOWS (523e095b4b99aff3b622bae396d67fba)] -> xpath: //a[@href='/web/index.php/admin/viewAdminModule']]
2023-05-22 17:05:331 INFO  ViewSystemUserPage :34 - Verify System User Text[[ChromeDriver: chrome on WINDOWS (523e095b4b99aff3b622bae396d67fba)] -> xpath: //h5[@class='oxd-text oxd-text--h5 oxd-table-filter-title']]
2023-05-22 17:05:373 INFO  AddUserPage :20 - Enter Username[[ChromeDriver: chrome on WINDOWS (523e095b4b99aff3b622bae396d67fba)] -> xpath: //div[@class='oxd-form-row']/div[1]/div[1]/div[1]/div[2]/input[1]]
2023-05-22 17:05:468 INFO  AddUserPage :34 - Select User Role[[ChromeDriver: chrome on WINDOWS (523e095b4b99aff3b622bae396d67fba)] -> xpath: //div[@class='oxd-grid-4 orangehrm-full-width-grid']/div[2]/div/div[2]/div/div/div[2]/i]
2023-05-22 17:05:543 INFO  AddUserPage :37 - Select Admin[[ChromeDriver: chrome on WINDOWS (523e095b4b99aff3b622bae396d67fba)] -> xpath: //*[@class='oxd-select-wrapper']//*[contains(text(),'Admin')]]
2023-05-22 17:05:610 INFO  AddUserPage :50 - Select Status[[ChromeDriver: chrome on WINDOWS (523e095b4b99aff3b622bae396d67fba)] -> xpath: //div[@class='oxd-form-row']/div/div[4]/div/div[2]/div/div]
2023-05-22 17:05:675 INFO  AddUserPage :53 - Select Disable[[ChromeDriver: chrome on WINDOWS (523e095b4b99aff3b622bae396d67fba)] -> xpath: //*[@class='oxd-select-wrapper']//*[contains(text(),'Disabled')]]
2023-05-22 17:05:745 INFO  AddUserPage :74 - Click on Search[[ChromeDriver: chrome on WINDOWS (523e095b4b99aff3b622bae396d67fba)] -> xpath: //button[@class='oxd-button oxd-button--medium oxd-button--secondary orangehrm-left-space']]
2023-05-22 17:05:959 INFO  AddUserPage :83 - Verify the Result List[[ChromeDriver: chrome on WINDOWS (523e095b4b99aff3b622bae396d67fba)] -> xpath: //div[@class='orangehrm-paper-container']/div[2]/div[1]/span[1]]
2023-05-22 17:05:550 INFO  LoginPage :24 - Enter Username[[ChromeDriver: chrome on WINDOWS (a9e3733bfbf7860b507832f310417db7)] -> name: username]
2023-05-22 17:05:618 INFO  LoginPage :36 - Enter Password[[ChromeDriver: chrome on WINDOWS (a9e3733bfbf7860b507832f310417db7)] -> name: password]
2023-05-22 17:05:707 INFO  LoginPage :45 - Click on Login Button[[ChromeDriver: chrome on WINDOWS (a9e3733bfbf7860b507832f310417db7)] -> xpath: //button[normalize-space()='Login']]
2023-05-22 17:05:628 INFO  ViewSystemUserPage :24 - Click on Admin[[ChromeDriver: chrome on WINDOWS (a9e3733bfbf7860b507832f310417db7)] -> xpath: //a[@href='/web/index.php/admin/viewAdminModule']]
2023-05-22 17:05:823 INFO  ViewSystemUserPage :34 - Verify System User Text[[ChromeDriver: chrome on WINDOWS (a9e3733bfbf7860b507832f310417db7)] -> xpath: //h5[@class='oxd-text oxd-text--h5 oxd-table-filter-title']]
2023-05-22 17:05:877 INFO  AddUserPage :20 - Enter Username[[ChromeDriver: chrome on WINDOWS (a9e3733bfbf7860b507832f310417db7)] -> xpath: //div[@class='oxd-form-row']/div[1]/div[1]/div[1]/div[2]/input[1]]
2023-05-22 17:05:964 INFO  AddUserPage :34 - Select User Role[[ChromeDriver: chrome on WINDOWS (a9e3733bfbf7860b507832f310417db7)] -> xpath: //div[@class='oxd-grid-4 orangehrm-full-width-grid']/div[2]/div/div[2]/div/div/div[2]/i]
2023-05-22 17:05:45 INFO  AddUserPage :37 - Select Admin[[ChromeDriver: chrome on WINDOWS (a9e3733bfbf7860b507832f310417db7)] -> xpath: //*[@class='oxd-select-wrapper']//*[contains(text(),'Admin')]]
2023-05-22 17:05:111 INFO  ViewSystemUserPage :82 - Enter Employee name[[ChromeDriver: chrome on WINDOWS (a9e3733bfbf7860b507832f310417db7)] -> xpath: //input[@placeholder='Type for hints...']]
2023-05-22 17:05:243 INFO  ViewSystemUserPage :85 - Enter Employee name1[[ChromeDriver: chrome on WINDOWS (a9e3733bfbf7860b507832f310417db7)] -> xpath: //*[@class='oxd-autocomplete-wrapper']//*[contains(text(),'Goutam  Ganesh')]]
2023-05-22 17:05:320 INFO  AddUserPage :50 - Select Status[[ChromeDriver: chrome on WINDOWS (a9e3733bfbf7860b507832f310417db7)] -> xpath: //div[@class='oxd-form-row']/div/div[4]/div/div[2]/div/div]
2023-05-22 17:05:369 INFO  AddUserPage :53 - Select Disable[[ChromeDriver: chrome on WINDOWS (a9e3733bfbf7860b507832f310417db7)] -> xpath: //*[@class='oxd-select-wrapper']//*[contains(text(),'Disabled')]]
2023-05-22 17:05:429 INFO  AddUserPage :74 - Click on Search[[ChromeDriver: chrome on WINDOWS (a9e3733bfbf7860b507832f310417db7)] -> xpath: //button[@class='oxd-button oxd-button--medium oxd-button--secondary orangehrm-left-space']]
2023-05-22 17:05:696 INFO  AddUserPage :83 - Verify the Result List[[ChromeDriver: chrome on WINDOWS (a9e3733bfbf7860b507832f310417db7)] -> xpath: //div[@class='orangehrm-paper-container']/div[2]/div[1]/span[1]]
2023-05-22 17:05:804 INFO  AddUserPage :92 - Click on CheckboxProxy element for: DefaultElementLocator 'By.xpath: //div[@class='oxd-table-card-cell-checkbox']//i[@class='oxd-icon bi-check oxd-checkbox-input-icon']'
2023-05-22 17:05:448 INFO  LoginPage :24 - Enter Username[[ChromeDriver: chrome on WINDOWS (c470a5584a6deaf1e5d383f19dbb0f4a)] -> name: username]
2023-05-22 17:05:524 INFO  LoginPage :36 - Enter Password[[ChromeDriver: chrome on WINDOWS (c470a5584a6deaf1e5d383f19dbb0f4a)] -> name: password]
2023-05-22 17:05:625 INFO  LoginPage :45 - Click on Login Button[[ChromeDriver: chrome on WINDOWS (c470a5584a6deaf1e5d383f19dbb0f4a)] -> xpath: //button[normalize-space()='Login']]
2023-05-22 17:05:442 INFO  ViewSystemUserPage :24 - Click on Admin[[ChromeDriver: chrome on WINDOWS (c470a5584a6deaf1e5d383f19dbb0f4a)] -> xpath: //a[@href='/web/index.php/admin/viewAdminModule']]
2023-05-22 17:05:270 INFO  ViewSystemUserPage :34 - Verify System User Text[[ChromeDriver: chrome on WINDOWS (c470a5584a6deaf1e5d383f19dbb0f4a)] -> xpath: //h5[@class='oxd-text oxd-text--h5 oxd-table-filter-title']]
2023-05-22 17:05:327 INFO  AddUserPage :20 - Enter Username[[ChromeDriver: chrome on WINDOWS (c470a5584a6deaf1e5d383f19dbb0f4a)] -> xpath: //div[@class='oxd-form-row']/div[1]/div[1]/div[1]/div[2]/input[1]]
2023-05-22 17:05:411 INFO  AddUserPage :34 - Select User Role[[ChromeDriver: chrome on WINDOWS (c470a5584a6deaf1e5d383f19dbb0f4a)] -> xpath: //div[@class='oxd-grid-4 orangehrm-full-width-grid']/div[2]/div/div[2]/div/div/div[2]/i]
2023-05-22 17:05:474 INFO  AddUserPage :37 - Select Admin[[ChromeDriver: chrome on WINDOWS (c470a5584a6deaf1e5d383f19dbb0f4a)] -> xpath: //*[@class='oxd-select-wrapper']//*[contains(text(),'Admin')]]
2023-05-22 17:05:540 INFO  ViewSystemUserPage :82 - Enter Employee name[[ChromeDriver: chrome on WINDOWS (c470a5584a6deaf1e5d383f19dbb0f4a)] -> xpath: //input[@placeholder='Type for hints...']]
2023-05-22 17:05:18 INFO  ViewSystemUserPage :85 - Enter Employee name1[[ChromeDriver: chrome on WINDOWS (c470a5584a6deaf1e5d383f19dbb0f4a)] -> xpath: //*[@class='oxd-autocomplete-wrapper']//*[contains(text(),'Goutam  Ganesh')]]
2023-05-22 17:05:84 INFO  AddUserPage :50 - Select Status[[ChromeDriver: chrome on WINDOWS (c470a5584a6deaf1e5d383f19dbb0f4a)] -> xpath: //div[@class='oxd-form-row']/div/div[4]/div/div[2]/div/div]
2023-05-22 17:05:126 INFO  AddUserPage :53 - Select Disable[[ChromeDriver: chrome on WINDOWS (c470a5584a6deaf1e5d383f19dbb0f4a)] -> xpath: //*[@class='oxd-select-wrapper']//*[contains(text(),'Disabled')]]
2023-05-22 17:05:190 INFO  AddUserPage :74 - Click on Search[[ChromeDriver: chrome on WINDOWS (c470a5584a6deaf1e5d383f19dbb0f4a)] -> xpath: //button[@class='oxd-button oxd-button--medium oxd-button--secondary orangehrm-left-space']]
2023-05-22 17:05:447 INFO  AddUserPage :145 - Verify The Text No Records Found[[ChromeDriver: chrome on WINDOWS (c470a5584a6deaf1e5d383f19dbb0f4a)] -> xpath: //div[@class='orangehrm-horizontal-padding orangehrm-vertical-padding']]
